DEBUG:: main() at line 59 ::Executing with command line:
./configure --make-llvm-lib

INFO:: handleCommonOptions() at line 237 ::Disabling assertions
INFO:: handleCommonOptions() at line 244 ::Configuring for Debug build
INFO:: handleLLVMConfig() at line 346 ::Configuring for LLVM bitcode archive
DEBUG:: runTool() at line 219 ::Executing ['which', 'llvm-config']
DEBUG:: runTool() at line 228 ::Execution completed with return code:0
DEBUG:: runTool() at line 229 ::Execution completed with output:"/usr/bin/llvm-config
"
INFO:: handleLLVMConfig() at line 357 ::Using llvm-config at.../usr/bin/llvm-config
DEBUG:: runTool() at line 219 ::Executing [u'/usr/bin/llvm-config', '--bindir']
DEBUG:: runTool() at line 228 ::Execution completed with return code:0
DEBUG:: runTool() at line 229 ::Execution completed with output:"/usr/bin
"
INFO:: handleLLVMConfig() at line 374 ::Using llvm tool dir.../usr/bin
INFO:: handleLLVMConfig() at line 390 ::Found "/usr/bin/llvm-objdump".
INFO:: handleLLVMConfig() at line 390 ::Found "/usr/bin/llvm-link".
INFO:: handleLLVMConfig() at line 390 ::Found "/usr/bin/llvm-ar".
INFO:: handleLLVMConfig() at line 390 ::Found "/usr/bin/llvm-nm".
INFO:: findBitCodeCompiler() at line 465 ::Searching for LLVM Bitcode compiler...
INFO:: findBitCodeCompiler() at line 470 ::Found clang in LLVM Build dir.../usr/bin/clang
INFO:: testBitCodeCompiler() at line 509 ::Testing LLVM Bitcode compiler.../usr/bin/clang
DEBUG:: runTool() at line 219 ::Executing [u'/usr/bin/clang',
 '-c',
 '-g',
 '-emit-llvm',
 '/tmp/tmpBBZQQO.c',
 '-o',
 '/tmp/tmpboOYhl.bc']
DEBUG:: runTool() at line 228 ::Execution completed with return code:0
DEBUG:: runTool() at line 229 ::Execution completed with output:""
DEBUG:: testBitCodeCompiler() at line 553 ::/usr/bin/clang succeeded
DEBUG:: runTool() at line 219 ::Executing [u'/usr/bin/llvm-dis', '-o=/tmp/tmpRRP1Mp.ll', '/tmp/tmpboOYhl.bc']
DEBUG:: runTool() at line 228 ::Execution completed with return code:0
DEBUG:: runTool() at line 229 ::Execution completed with output:""
INFO:: testBitCodeCompiler() at line 582 ::Compiler /usr/bin/clang works
INFO:: handleLLVMConfig() at line 410 ::Using LLVM Bitcode Compiler.../usr/bin/clang
INFO:: checkForNCurses() at line 606 ::Checking for ncurses...
DEBUG:: runTool() at line 219 ::Executing [u'/usr/bin/clang', '/tmp/tmpPcpJ2e.c', '-lncurses', '-o', 'a.out']
DEBUG:: runTool() at line 228 ::Execution completed with return code:0
DEBUG:: runTool() at line 229 ::Execution completed with output:""
DEBUG:: handleLLVMConfig() at line 419 ::Using template substitutions 
{'ARCHIVER': 'llvm-ar',
 'ASSERTS': 'n',
 'CC': u'/usr/bin/clang',
 'DEBUG': 'y',
 'EMIT_LLVM': '-emit-llvm',
 'HOSTCC': u'/usr/bin/clang',
 'LINKER': 'llvm-link',
 'NM': 'llvm-nm',
 'OBJDUMP': 'llvm-objdump',
 'TOOLDIR': u'/usr/bin/'} 
for file "/home/qirong/Frog/frog_test/tools/klee-uclibc/Makefile.klee"
INFO:: doTemplate() at line 452 ::Writing templated file to "/home/qirong/Frog/frog_test/tools/klee-uclibc/Makefile.klee"
INFO:: installPrebuiltConfig() at line 145 ::Setting up pre-made configure for...x86_64
INFO:: installPrebuiltConfig() at line 159 ::Installing .config file
INFO:: installPrebuiltConfig() at line 167 ::Looking for kernel include path...
INFO:: installPrebuiltConfig() at line 169 ::Found "/usr/include/x86_64-linux-gnu"
DEBUG:: installPrebuiltConfig() at line 175 ::Patching KERNEL_HEADERS with path "/usr/include/x86_64-linux-gnu"
